PLINK v1.90b4.4 64-bit (21 May 2017)
Options in effect:
  --allow-no-sex
  --assoc
  --bfile celiac_gwas

Hostname: adriaan-XPS-15-9560
Working directory: /home/adriaan/PhD/gwas_tutorial/iBMS/Day16_GWAS/genotypes
Start time: Wed Sep 27 16:40:18 2017

Random number seed: 1506523218
32023 MB RAM detected; reserving 16011 MB for main workspace.
131118 variants loaded from .bim file.
512 people (0 males, 0 females, 512 ambiguous) loaded from .fam.
Ambiguous sex IDs written to plink.nosex .
512 phenotype values loaded from .fam.
Using 1 thread (no multithreaded calculations invoked).
Before main variant filters, 512 founders and 0 nonfounders present.
Calculating allele frequencies... done.
Total genotyping rate is 0.932486.
131118 variants and 512 people pass filters and QC.
Phenotype data is quantitative.
Writing QT --assoc report to plink.qassoc ... done.

End time: Wed Sep 27 16:40:19 2017
